<?xml version="1.0" encoding="UTF-8"?>
<!-- Generated by org.testng.reporters.JUnitXMLReporter -->
<testsuite ignored="2" hostname="DESKTOP-35PH9VR" failures="0" tests="5" name="Test" time="108.229" errors="0" timestamp="2023-05-30T20:19:15 IST">
  <testcase classname="com.kavya.shoppingcart.BasePage" name="@BeforeTest setUp" time="107.989">
    <failure type="com.microsoft.playwright.PlaywrightException" message="Error {
  message=&amp;apos;Navigation failed because page was closed!
=========================== logs ===========================
navigating to &amp;quot;https://naveenautomationlabs.com/opencart/&amp;quot;, waiting until &amp;quot;load&amp;quot;
============================================================
  name=&amp;apos;Error
  stack=&amp;apos;Error: Navigation failed because page was closed!
=========================== logs ===========================
navigating to &amp;quot;https://naveenautomationlabs.com/opencart/&amp;quot;, waiting until &amp;quot;load&amp;quot;
============================================================
    at C:\Users\askav\AppData\Local\Temp\playwright-java-13184297082960687633\package\lib\server\frames.js:491:13
    at async ProgressController.run (C:\Users\askav\AppData\Local\Temp\playwright-java-13184297082960687633\package\lib\server\progress.js:92:22)
    at async FrameDispatcher.goto (C:\Users\askav\AppData\Local\Temp\playwright-java-13184297082960687633\package\lib\server\dispatchers\frameDispatcher.js:75:103)
    at async DispatcherConnection.dispatch (C:\Users\askav\AppData\Local\Temp\playwright-java-13184297082960687633\package\lib\server\dispatchers\dispatcher.js:312:22)
}">
      <![CDATA[com.microsoft.playwright.PlaywrightException: Error {
  message='Navigation failed because page was closed!
=========================== logs ===========================
navigating to "https://naveenautomationlabs.com/opencart/", waiting until "load"
============================================================
  name='Error
  stack='Error: Navigation failed because page was closed!
=========================== logs ===========================
navigating to "https://naveenautomationlabs.com/opencart/", waiting until "load"
============================================================
    at C:\Users\askav\AppData\Local\Temp\playwright-java-13184297082960687633\package\lib\server\frames.js:491:13
    at async ProgressController.run (C:\Users\askav\AppData\Local\Temp\playwright-java-13184297082960687633\package\lib\server\progress.js:92:22)
    at async FrameDispatcher.goto (C:\Users\askav\AppData\Local\Temp\playwright-java-13184297082960687633\package\lib\server\dispatchers\frameDispatcher.js:75:103)
    at async DispatcherConnection.dispatch (C:\Users\askav\AppData\Local\Temp\playwright-java-13184297082960687633\package\lib\server\dispatchers\dispatcher.js:312:22)
}
at com.microsoft.playwright.impl.WaitableResult.get(WaitableResult.java:54)
at com.microsoft.playwright.impl.ChannelOwner.runUntil(ChannelOwner.java:111)
at com.microsoft.playwright.impl.Connection.sendMessage(Connection.java:126)
at com.microsoft.playwright.impl.ChannelOwner.sendMessage(ChannelOwner.java:102)
at com.microsoft.playwright.impl.FrameImpl.navigateImpl(FrameImpl.java:463)
at com.microsoft.playwright.impl.PageImpl.lambda$navigate$45(PageImpl.java:836)
at com.microsoft.playwright.impl.LoggingSupport.withLogging(LoggingSupport.java:47)
at com.microsoft.playwright.impl.ChannelOwner.withLogging(ChannelOwner.java:87)
at com.microsoft.playwright.impl.PageImpl.navigate(PageImpl.java:836)
at com.microsoft.playwright.impl.PageImpl.navigate(PageImpl.java:42)
at com.microsoft.playwright.Page.navigate(Page.java:5267)
at com.kavya.factory.PlaywrightFactory.initBrowser(PlaywrightFactory.java:45)
at com.kavya.shoppingcart.BasePage.setUp(BasePage.java:23)
Caused by: com.microsoft.playwright.impl.DriverException: Error {
  message='Navigation failed because page was closed!
=========================== logs ===========================
navigating to "https://naveenautomationlabs.com/opencart/", waiting until "load"
============================================================
  name='Error
  stack='Error: Navigation failed because page was closed!
=========================== logs ===========================
navigating to "https://naveenautomationlabs.com/opencart/", waiting until "load"
============================================================
    at C:\Users\askav\AppData\Local\Temp\playwright-java-13184297082960687633\package\lib\server\frames.js:491:13
    at async ProgressController.run (C:\Users\askav\AppData\Local\Temp\playwright-java-13184297082960687633\package\lib\server\progress.js:92:22)
    at async FrameDispatcher.goto (C:\Users\askav\AppData\Local\Temp\playwright-java-13184297082960687633\package\lib\server\dispatchers\frameDispatcher.js:75:103)
    at async DispatcherConnection.dispatch (C:\Users\askav\AppData\Local\Temp\playwright-java-13184297082960687633\package\lib\server\dispatchers\dispatcher.js:312:22)
}
at com.microsoft.playwright.impl.Connection.dispatch(Connection.java:226)
at com.microsoft.playwright.impl.Connection.processOneMessage(Connection.java:206)
at com.microsoft.playwright.impl.ChannelOwner.runUntil(ChannelOwner.java:109)
... 33 more
... Removed 22 stack frames]]>
    </failure>
  </testcase> <!-- @BeforeTest setUp -->
  <testcase classname="com.kavya.shoppingcart.BasePage" name="@AfterTest tearDown" time="-1.685458155546E9">
    <skipped/>
  </testcase> <!-- @AfterTest tearDown -->
  <testcase classname="com.kavya.shoppingcart.HomePageTest" name="homePageTitleTest" time="0.0">
    <skipped/>
  </testcase> <!-- homePageTitleTest -->
  <testcase classname="com.kavya.shoppingcart.HomePageTest" name="homePageURLTest" time="0.0">
    <skipped/>
  </testcase> <!-- homePageURLTest -->
  <testcase classname="com.kavya.shoppingcart.HomePageTest" name="searchProduct" time="0.0">
    <skipped/>
  </testcase> <!-- searchProduct -->
  <testcase classname="com.kavya.shoppingcart.HomePageTest" name="searchProduct" time="0.0">
    <skipped/>
  </testcase> <!-- searchProduct -->
  <testcase classname="com.kavya.shoppingcart.HomePageTest" name="searchProduct" time="0.0">
    <skipped/>
  </testcase> <!-- searchProduct -->
  <testcase classname="com.kavya.shoppingcart.BasePage" name="@BeforeTest setUp" time="0.0">
    <ignored/>
  </testcase> <!-- @BeforeTest setUp -->
  <testcase classname="com.kavya.shoppingcart.BasePage" name="@AfterTest tearDown" time="0.0">
    <ignored/>
  </testcase> <!-- @AfterTest tearDown -->
</testsuite> <!-- Test -->
